2025-08-19 18:03:39,867:WARNING:
'cuml' is a soft dependency and not included in the pycaret installation. Please run: `pip install cuml` to install.
2025-08-19 18:03:39,867:WARNING:
'cuml' is a soft dependency and not included in the pycaret installation. Please run: `pip install cuml` to install.
2025-08-19 18:03:39,867:WARNING:
'cuml' is a soft dependency and not included in the pycaret installation. Please run: `pip install cuml` to install.
2025-08-19 18:03:39,867:WARNING:
'cuml' is a soft dependency and not included in the pycaret installation. Please run: `pip install cuml` to install.
2025-08-19 18:06:08,617:INFO:PyCaret ClassificationExperiment
2025-08-19 18:06:08,617:INFO:Logging name: clf-default-name
2025-08-19 18:06:08,617:INFO:ML Usecase: MLUsecase.CLASSIFICATION
2025-08-19 18:06:08,617:INFO:version 3.3.2
2025-08-19 18:06:08,617:INFO:Initializing setup()
2025-08-19 18:06:08,617:INFO:self.USI: f510
2025-08-19 18:06:08,617:INFO:self._variable_keys: {'target_param', 'is_multiclass', 'memory', 'y', 'fold_groups_param', 'fold_shuffle_param', 'gpu_n_jobs_param', 'data', 'seed', '_ml_usecase', 'html_param', 'idx', 'n_jobs_param', 'USI', 'X_train', 'gpu_param', '_available_plots', 'y_test', 'log_plots_param', 'y_train', 'X_test', 'fix_imbalance', 'X', 'logging_param', 'fold_generator', 'exp_id', 'exp_name_log', 'pipeline'}
2025-08-19 18:06:08,617:INFO:Checking environment
2025-08-19 18:06:08,617:INFO:python_version: 3.10.12
2025-08-19 18:06:08,617:INFO:python_build: ('main', 'Jul  5 2023 19:01:18')
2025-08-19 18:06:08,617:INFO:machine: AMD64
2025-08-19 18:06:08,617:INFO:platform: Windows-10-10.0.26100-SP0
2025-08-19 18:06:08,617:INFO:Memory: svmem(total=68325134336, available=47643242496, percent=30.3, used=20681891840, free=47643242496)
2025-08-19 18:06:08,617:INFO:Physical Core: 20
2025-08-19 18:06:08,617:INFO:Logical Core: 28
2025-08-19 18:06:08,617:INFO:Checking libraries
2025-08-19 18:06:08,617:INFO:System:
2025-08-19 18:06:08,617:INFO:    python: 3.10.12 | packaged by Anaconda, Inc. | (main, Jul  5 2023, 19:01:18) [MSC v.1916 64 bit (AMD64)]
2025-08-19 18:06:08,617:INFO:executable: c:\Users\user\anaconda3\envs\python310\python.exe
2025-08-19 18:06:08,617:INFO:   machine: Windows-10-10.0.26100-SP0
2025-08-19 18:06:08,617:INFO:PyCaret required dependencies:
2025-08-19 18:06:08,642:INFO:                 pip: 25.2
2025-08-19 18:06:08,642:INFO:          setuptools: 78.1.1
2025-08-19 18:06:08,642:INFO:             pycaret: 3.3.2
2025-08-19 18:06:08,642:INFO:             IPython: 8.37.0
2025-08-19 18:06:08,642:INFO:          ipywidgets: 8.1.7
2025-08-19 18:06:08,642:INFO:                tqdm: 4.67.1
2025-08-19 18:06:08,642:INFO:               numpy: 1.26.4
2025-08-19 18:06:08,642:INFO:              pandas: 2.1.4
2025-08-19 18:06:08,642:INFO:              jinja2: 3.1.6
2025-08-19 18:06:08,642:INFO:               scipy: 1.11.4
2025-08-19 18:06:08,642:INFO:              joblib: 1.3.2
2025-08-19 18:06:08,642:INFO:             sklearn: 1.4.2
2025-08-19 18:06:08,642:INFO:                pyod: 2.0.5
2025-08-19 18:06:08,642:INFO:            imblearn: 0.14.0
2025-08-19 18:06:08,642:INFO:   category_encoders: 2.7.0
2025-08-19 18:06:08,642:INFO:            lightgbm: 4.6.0
2025-08-19 18:06:08,642:INFO:               numba: 0.61.2
2025-08-19 18:06:08,642:INFO:            requests: 2.32.4
2025-08-19 18:06:08,642:INFO:          matplotlib: 3.7.5
2025-08-19 18:06:08,642:INFO:          scikitplot: 0.3.7
2025-08-19 18:06:08,642:INFO:         yellowbrick: 1.5
2025-08-19 18:06:08,642:INFO:              plotly: 5.24.1
2025-08-19 18:06:08,642:INFO:    plotly-resampler: Not installed
2025-08-19 18:06:08,642:INFO:             kaleido: 1.0.0
2025-08-19 18:06:08,642:INFO:           schemdraw: 0.15
2025-08-19 18:06:08,642:INFO:         statsmodels: 0.14.5
2025-08-19 18:06:08,642:INFO:              sktime: 0.26.0
2025-08-19 18:06:08,642:INFO:               tbats: 1.1.3
2025-08-19 18:06:08,642:INFO:            pmdarima: 2.0.4
2025-08-19 18:06:08,642:INFO:              psutil: 7.0.0
2025-08-19 18:06:08,642:INFO:          markupsafe: 3.0.2
2025-08-19 18:06:08,642:INFO:             pickle5: Not installed
2025-08-19 18:06:08,642:INFO:         cloudpickle: 3.1.1
2025-08-19 18:06:08,642:INFO:         deprecation: 2.1.0
2025-08-19 18:06:08,642:INFO:              xxhash: 3.5.0
2025-08-19 18:06:08,642:INFO:           wurlitzer: Not installed
2025-08-19 18:06:08,642:INFO:PyCaret optional dependencies:
2025-08-19 18:06:08,652:INFO:                shap: 0.48.0
2025-08-19 18:06:08,652:INFO:           interpret: Not installed
2025-08-19 18:06:08,652:INFO:                umap: Not installed
2025-08-19 18:06:08,652:INFO:     ydata_profiling: Not installed
2025-08-19 18:06:08,652:INFO:  explainerdashboard: Not installed
2025-08-19 18:06:08,652:INFO:             autoviz: Not installed
2025-08-19 18:06:08,652:INFO:           fairlearn: Not installed
2025-08-19 18:06:08,653:INFO:          deepchecks: Not installed
2025-08-19 18:06:08,653:INFO:             xgboost: Not installed
2025-08-19 18:06:08,653:INFO:            catboost: Not installed
2025-08-19 18:06:08,653:INFO:              kmodes: Not installed
2025-08-19 18:06:08,653:INFO:             mlxtend: Not installed
2025-08-19 18:06:08,653:INFO:       statsforecast: Not installed
2025-08-19 18:06:08,653:INFO:        tune_sklearn: Not installed
2025-08-19 18:06:08,653:INFO:                 ray: Not installed
2025-08-19 18:06:08,653:INFO:            hyperopt: Not installed
2025-08-19 18:06:08,653:INFO:              optuna: Not installed
2025-08-19 18:06:08,653:INFO:               skopt: Not installed
2025-08-19 18:06:08,653:INFO:              mlflow: Not installed
2025-08-19 18:06:08,653:INFO:              gradio: Not installed
2025-08-19 18:06:08,653:INFO:             fastapi: Not installed
2025-08-19 18:06:08,653:INFO:             uvicorn: Not installed
2025-08-19 18:06:08,653:INFO:              m2cgen: Not installed
2025-08-19 18:06:08,653:INFO:           evidently: Not installed
2025-08-19 18:06:08,653:INFO:               fugue: Not installed
2025-08-19 18:06:08,653:INFO:           streamlit: Not installed
2025-08-19 18:06:08,653:INFO:             prophet: Not installed
2025-08-19 18:06:08,653:INFO:None
2025-08-19 18:06:08,653:INFO:Set up data.
2025-08-19 18:06:08,861:INFO:Set up folding strategy.
2025-08-19 18:06:08,861:INFO:Set up train/test split.
2025-08-19 18:06:08,935:INFO:Set up index.
2025-08-19 18:06:08,937:INFO:Assigning column types.
2025-08-19 18:06:08,995:INFO:Engine successfully changes for model 'lr' to 'sklearn'.
2025-08-19 18:06:09,016:INFO:Engine for model 'knn' has not been set explicitly, hence returning None.
2025-08-19 18:06:09,016:INFO:Engine for model 'rbfsvm' has not been set explicitly, hence returning None.
2025-08-19 18:06:09,035:WARNING:
'xgboost' is a soft dependency and not included in the pycaret installation. Please run: `pip install xgboost` to install.
Alternately, you can install this by running `pip install pycaret[models]`
2025-08-19 18:06:09,035:WARNING:
'catboost' is a soft dependency and not included in the pycaret installation. Please run: `pip install catboost` to install.
Alternately, you can install this by running `pip install pycaret[models]`
2025-08-19 18:06:09,055:INFO:Engine for model 'knn' has not been set explicitly, hence returning None.
2025-08-19 18:06:09,055:INFO:Engine for model 'rbfsvm' has not been set explicitly, hence returning None.
2025-08-19 18:06:09,071:WARNING:
'xgboost' is a soft dependency and not included in the pycaret installation. Please run: `pip install xgboost` to install.
Alternately, you can install this by running `pip install pycaret[models]`
2025-08-19 18:06:09,071:WARNING:
'catboost' is a soft dependency and not included in the pycaret installation. Please run: `pip install catboost` to install.
Alternately, you can install this by running `pip install pycaret[models]`
2025-08-19 18:06:09,071:INFO:Engine successfully changes for model 'knn' to 'sklearn'.
2025-08-19 18:06:09,085:INFO:Engine for model 'rbfsvm' has not been set explicitly, hence returning None.
2025-08-19 18:06:09,101:WARNING:
'xgboost' is a soft dependency and not included in the pycaret installation. Please run: `pip install xgboost` to install.
Alternately, you can install this by running `pip install pycaret[models]`
2025-08-19 18:06:09,101:WARNING:
'catboost' is a soft dependency and not included in the pycaret installation. Please run: `pip install catboost` to install.
Alternately, you can install this by running `pip install pycaret[models]`
2025-08-19 18:06:09,130:INFO:Engine for model 'rbfsvm' has not been set explicitly, hence returning None.
2025-08-19 18:06:09,143:WARNING:
'xgboost' is a soft dependency and not included in the pycaret installation. Please run: `pip install xgboost` to install.
Alternately, you can install this by running `pip install pycaret[models]`
2025-08-19 18:06:09,143:WARNING:
'catboost' is a soft dependency and not included in the pycaret installation. Please run: `pip install catboost` to install.
Alternately, you can install this by running `pip install pycaret[models]`
2025-08-19 18:06:09,143:INFO:Engine successfully changes for model 'rbfsvm' to 'sklearn'.
2025-08-19 18:06:09,170:WARNING:
'xgboost' is a soft dependency and not included in the pycaret installation. Please run: `pip install xgboost` to install.
Alternately, you can install this by running `pip install pycaret[models]`
2025-08-19 18:06:09,170:WARNING:
'catboost' is a soft dependency and not included in the pycaret installation. Please run: `pip install catboost` to install.
Alternately, you can install this by running `pip install pycaret[models]`
2025-08-19 18:06:09,215:WARNING:
'xgboost' is a soft dependency and not included in the pycaret installation. Please run: `pip install xgboost` to install.
Alternately, you can install this by running `pip install pycaret[models]`
2025-08-19 18:06:09,215:WARNING:
'catboost' is a soft dependency and not included in the pycaret installation. Please run: `pip install catboost` to install.
Alternately, you can install this by running `pip install pycaret[models]`
2025-08-19 18:06:09,215:INFO:Preparing preprocessing pipeline...
2025-08-19 18:06:09,228:INFO:Set up label encoding.
2025-08-19 18:06:09,228:INFO:Set up simple imputation.
2025-08-19 18:06:09,265:INFO:Set up encoding of ordinal features.
2025-08-19 18:06:09,299:WARNING:The number of classes passed to feature emp_keep2_etc in the ordinal_features parameter (2) don't match with the number of classes in the data (3).
2025-08-19 18:06:09,332:WARNING:The number of classes passed to feature emp_expect2_etc in the ordinal_features parameter (2) don't match with the number of classes in the data (3).
2025-08-19 18:06:09,534:WARNING:The number of classes passed to feature ass_cust2_6_etc in the ordinal_features parameter (2) don't match with the number of classes in the data (3).
2025-08-19 18:06:09,666:INFO:Set up encoding of categorical features.
2025-08-19 18:06:10,009:WARNING:c:\Users\user\anaconda3\envs\python310\lib\site-packages\sklearn\impute\_base.py:577: UserWarning: Skipping features without any observed values: ['country_etc' 'selfemp_be_etc' 'wsector_etc']. At least one non-missing value is needed for imputation with strategy='mean'.
  warnings.warn(

